<?xml version="1.0" encoding="UTF-8"?>
<robot generator="Robot 3.2.1 (Python 3.8.5 on win32)" generated="20200909 19:13:33.519" rpa="false">
<suite id="s1" name="TestSuite" source="C:\temp\ws-PyCharm\topicos_em_linguagem_de_programacao\UNISAL_3\TestSuite">
<suite id="s1-s1" name="Hotel TestSuite" source="C:\temp\ws-PyCharm\topicos_em_linguagem_de_programacao\UNISAL_3\TestSuite\Hotel_TestSuite.robot">
<test id="s1-s1-t1" name="Teste hotel">
<kw name="Acessar site de viagem" library="Hotel_Keywords">
<kw name="Open Browser" library="SeleniumLibrary">
<doc>Opens a new browser instance to the optional ``url``.</doc>
<arguments>
<arg>${URL}</arg>
<arg>${BROWSER}</arg>
</arguments>
<msg timestamp="20200909 19:13:33.792" level="INFO">Opening browser 'chrome' to base url 'https://www.phptravels.net/home'.</msg>
<status status="PASS" starttime="20200909 19:13:33.792" endtime="20200909 19:13:42.599"></status>
</kw>
<kw name="Maximize Browser Window" library="SeleniumLibrary">
<doc>Maximizes current browser window.</doc>
<status status="PASS" starttime="20200909 19:13:42.600" endtime="20200909 19:13:44.723"></status>
</kw>
<kw name="Wait Until Element Is Visible" library="SeleniumLibrary">
<doc>Waits until the element ``locator`` is visible.</doc>
<arguments>
<arg>xpath:${CIDADECLIQUE}</arg>
<arg>60s</arg>
</arguments>
<status status="PASS" starttime="20200909 19:13:44.723" endtime="20200909 19:13:44.823"></status>
</kw>
<status status="PASS" starttime="20200909 19:13:33.791" endtime="20200909 19:13:44.823"></status>
</kw>
<kw name="Pesquisar viagem &quot;New York&quot;" library="Hotel_Keywords">
<kw name="Click Element" library="SeleniumLibrary">
<doc>Click the element identified by ``locator``.</doc>
<arguments>
<arg>xpath:${CIDADECLIQUE}</arg>
</arguments>
<msg timestamp="20200909 19:13:44.824" level="INFO">Clicking element 'xpath://*[@id="s2id_autogen16"]/a/span[1]'.</msg>
<status status="PASS" starttime="20200909 19:13:44.824" endtime="20200909 19:13:44.988"></status>
</kw>
<kw name="Input Text" library="SeleniumLibrary">
<doc>Types the given ``text`` into the text field identified by ``locator``.</doc>
<arguments>
<arg>xpath:${PESQUISACIDADE}</arg>
<arg>${CIDADE}</arg>
</arguments>
<msg timestamp="20200909 19:13:44.989" level="INFO">Typing text 'New York' into text field 'xpath://*[@id="select2-drop"]/div/input'.</msg>
<status status="PASS" starttime="20200909 19:13:44.988" endtime="20200909 19:13:45.091"></status>
</kw>
<kw name="Wait Until Element Is Visible" library="SeleniumLibrary">
<doc>Waits until the element ``locator`` is visible.</doc>
<arguments>
<arg>${CLICARPESQUISA}</arg>
<arg>20s</arg>
</arguments>
<status status="PASS" starttime="20200909 19:13:45.091" endtime="20200909 19:13:45.768"></status>
</kw>
<kw name="Click Element" library="SeleniumLibrary">
<doc>Click the element identified by ``locator``.</doc>
<arguments>
<arg>${CLICARPESQUISA}</arg>
</arguments>
<msg timestamp="20200909 19:13:45.769" level="INFO">Clicking element '//span[text()="New York"]'.</msg>
<status status="PASS" starttime="20200909 19:13:45.769" endtime="20200909 19:13:45.816"></status>
</kw>
<kw name="Click Element" library="SeleniumLibrary">
<doc>Click the element identified by ``locator``.</doc>
<arguments>
<arg>${CHECKIN}</arg>
</arguments>
<msg timestamp="20200909 19:13:45.817" level="INFO">Clicking element '//*[@id="checkin"]'.</msg>
<status status="PASS" starttime="20200909 19:13:45.816" endtime="20200909 19:13:45.865"></status>
</kw>
<kw name="Input Text" library="SeleniumLibrary">
<doc>Types the given ``text`` into the text field identified by ``locator``.</doc>
<arguments>
<arg>${CHECKIN}</arg>
<arg>${DATACHECKIN}</arg>
<arg>[TAB]</arg>
</arguments>
<msg timestamp="20200909 19:13:45.865" level="INFO">Typing text '25/12/2020' into text field '//*[@id="checkin"]'.</msg>
<status status="PASS" starttime="20200909 19:13:45.865" endtime="20200909 19:13:45.987"></status>
</kw>
<kw name="Click Element" library="SeleniumLibrary">
<doc>Click the element identified by ``locator``.</doc>
<arguments>
<arg>${CHECKOUT}</arg>
</arguments>
<msg timestamp="20200909 19:13:45.987" level="INFO">Clicking element '//*[@id="checkout"]'.</msg>
<status status="PASS" starttime="20200909 19:13:45.987" endtime="20200909 19:13:46.035"></status>
</kw>
<kw name="Input Text" library="SeleniumLibrary">
<doc>Types the given ``text`` into the text field identified by ``locator``.</doc>
<arguments>
<arg>${CHECKOUT}</arg>
<arg>${DATACHECKOUT}</arg>
<arg>[TAB]</arg>
</arguments>
<msg timestamp="20200909 19:13:46.036" level="INFO">Typing text '08/01/2021' into text field '//*[@id="checkout"]'.</msg>
<status status="PASS" starttime="20200909 19:13:46.036" endtime="20200909 19:13:46.116"></status>
</kw>
<kw name="Click Element" library="SeleniumLibrary">
<doc>Click the element identified by ``locator``.</doc>
<arguments>
<arg>xpath:${ADDCHILDREN}</arg>
</arguments>
<msg timestamp="20200909 19:13:46.117" level="INFO">Clicking element 'xpath://*[@id="hotels"]/div/div/form/div/div/div[3]/div/div/div/div/div/div/div[2]/div/div[2]/div/span/button[1]'.</msg>
<status status="PASS" starttime="20200909 19:13:46.116" endtime="20200909 19:13:46.156"></status>
</kw>
<kw name="Click Element" library="SeleniumLibrary">
<doc>Click the element identified by ``locator``.</doc>
<arguments>
<arg>xpath:${ADDCHILDREN}</arg>
</arguments>
<msg timestamp="20200909 19:13:46.157" level="INFO">Clicking element 'xpath://*[@id="hotels"]/div/div/form/div/div/div[3]/div/div/div/div/div/div/div[2]/div/div[2]/div/span/button[1]'.</msg>
<status status="PASS" starttime="20200909 19:13:46.157" endtime="20200909 19:13:46.187"></status>
</kw>
<kw name="Click Element" library="SeleniumLibrary">
<doc>Click the element identified by ``locator``.</doc>
<arguments>
<arg>xpath:${SEARCH}</arg>
</arguments>
<msg timestamp="20200909 19:13:46.187" level="INFO">Clicking element 'xpath://*[@id="hotels"]/div/div/form/div/div/div[4]/button'.</msg>
<status status="PASS" starttime="20200909 19:13:46.187" endtime="20200909 19:13:47.669"></status>
</kw>
<kw name="Capture Page Screenshot" library="SeleniumLibrary">
<doc>Takes a screenshot of the current page and embeds it into a log file.</doc>
<msg timestamp="20200909 19:13:47.957" level="INFO" html="yes">&lt;/td&gt;&lt;/tr&gt;&lt;tr&gt;&lt;td colspan="3"&gt;&lt;a href="selenium-screenshot-3.png"&gt;&lt;img src="selenium-screenshot-3.png" width="800px"&gt;&lt;/a&gt;</msg>
<status status="PASS" starttime="20200909 19:13:47.669" endtime="20200909 19:13:47.957"></status>
</kw>
<kw name="Sleep" library="BuiltIn">
<doc>Pauses the test executed for the given time.</doc>
<arguments>
<arg>5s</arg>
</arguments>
<msg timestamp="20200909 19:13:52.959" level="INFO">Slept 5 seconds</msg>
<status status="PASS" starttime="20200909 19:13:47.957" endtime="20200909 19:13:52.959"></status>
</kw>
<kw name="Close Browser" library="SeleniumLibrary">
<doc>Closes the current browser.</doc>
<status status="PASS" starttime="20200909 19:13:52.959" endtime="20200909 19:13:55.065"></status>
</kw>
<status status="PASS" starttime="20200909 19:13:44.824" endtime="20200909 19:13:55.065"></status>
</kw>
<status status="PASS" starttime="20200909 19:13:33.791" endtime="20200909 19:13:55.065" critical="yes"></status>
</test>
<status status="PASS" starttime="20200909 19:13:33.549" endtime="20200909 19:13:55.068"></status>
</suite>
<status status="PASS" starttime="20200909 19:13:33.522" endtime="20200909 19:13:55.070"></status>
</suite>
<statistics>
<total>
<stat pass="1" fail="0">Critical Tests</stat>
<stat pass="1" fail="0">All Tests</stat>
</total>
<tag>
</tag>
<suite>
<stat pass="1" fail="0" id="s1" name="TestSuite">TestSuite</stat>
<stat pass="1" fail="0" id="s1-s1" name="Hotel TestSuite">TestSuite.Hotel TestSuite</stat>
</suite>
</statistics>
<errors>
</errors>
</robot>
