<?xml version="1.0" encoding="UTF-8"?>
<robot generator="Robot 3.2.1 (Python 3.8.5 on win32)" generated="20200909 21:57:04.407" rpa="false">
<suite id="s1" name="TestSuite" source="C:\temp\ws-PyCharm\topicos_em_linguagem_de_programacao\UNISAL_3\TestSuite">
<suite id="s1-s1" name="Hotel TestSuite" source="C:\temp\ws-PyCharm\topicos_em_linguagem_de_programacao\UNISAL_3\TestSuite\Hotel_TestSuite.robot">
<test id="s1-s1-t1" name="Teste hotel">
<kw name="Acessar site de viagem" library="Hotel_Keywords">
<kw name="Open Browser" library="SeleniumLibrary">
<doc>Opens a new browser instance to the optional ``url``.</doc>
<arguments>
<arg>${URL}</arg>
<arg>${BROWSER}</arg>
</arguments>
<msg timestamp="20200909 21:57:04.621" level="INFO">Opening browser 'chrome' to base url 'https://www.phptravels.net/home'.</msg>
<status status="PASS" starttime="20200909 21:57:04.621" endtime="20200909 21:57:12.381"></status>
</kw>
<kw name="Maximize Browser Window" library="SeleniumLibrary">
<doc>Maximizes current browser window.</doc>
<status status="PASS" starttime="20200909 21:57:12.381" endtime="20200909 21:57:14.512"></status>
</kw>
<kw name="Wait Until Element Is Visible" library="SeleniumLibrary">
<doc>Waits until the element ``locator`` is visible.</doc>
<arguments>
<arg>xpath:${CIDADECLIQUE}</arg>
<arg>60s</arg>
</arguments>
<status status="PASS" starttime="20200909 21:57:14.512" endtime="20200909 21:57:14.628"></status>
</kw>
<status status="PASS" starttime="20200909 21:57:04.621" endtime="20200909 21:57:14.628"></status>
</kw>
<kw name="Pesquisar viagem &quot;New York&quot;" library="Hotel_Keywords">
<kw name="Click Element" library="SeleniumLibrary">
<doc>Click the element identified by ``locator``.</doc>
<arguments>
<arg>xpath:${CIDADECLIQUE}</arg>
</arguments>
<msg timestamp="20200909 21:57:14.629" level="INFO">Clicking element 'xpath://*[@id="s2id_autogen16"]/a/span[1]'.</msg>
<status status="PASS" starttime="20200909 21:57:14.629" endtime="20200909 21:57:14.762"></status>
</kw>
<kw name="Input Text" library="SeleniumLibrary">
<doc>Types the given ``text`` into the text field identified by ``locator``.</doc>
<arguments>
<arg>xpath:${PESQUISACIDADE}</arg>
<arg>${CIDADE}</arg>
</arguments>
<msg timestamp="20200909 21:57:14.763" level="INFO">Typing text 'New York' into text field 'xpath://*[@id="select2-drop"]/div/input'.</msg>
<status status="PASS" starttime="20200909 21:57:14.762" endtime="20200909 21:57:14.878"></status>
</kw>
<kw name="Wait Until Element Is Visible" library="SeleniumLibrary">
<doc>Waits until the element ``locator`` is visible.</doc>
<arguments>
<arg>${CLICARPESQUISA}</arg>
<arg>20s</arg>
</arguments>
<status status="PASS" starttime="20200909 21:57:14.878" endtime="20200909 21:57:15.557"></status>
</kw>
<kw name="Click Element" library="SeleniumLibrary">
<doc>Click the element identified by ``locator``.</doc>
<arguments>
<arg>${CLICARPESQUISA}</arg>
</arguments>
<msg timestamp="20200909 21:57:15.558" level="INFO">Clicking element '//span[text()="New York"]'.</msg>
<status status="PASS" starttime="20200909 21:57:15.558" endtime="20200909 21:57:15.603"></status>
</kw>
<kw name="Click Element" library="SeleniumLibrary">
<doc>Click the element identified by ``locator``.</doc>
<arguments>
<arg>${CHECKIN}</arg>
</arguments>
<msg timestamp="20200909 21:57:15.603" level="INFO">Clicking element '//*[@id="checkin"]'.</msg>
<status status="PASS" starttime="20200909 21:57:15.603" endtime="20200909 21:57:15.651"></status>
</kw>
<kw name="Input Text" library="SeleniumLibrary">
<doc>Types the given ``text`` into the text field identified by ``locator``.</doc>
<arguments>
<arg>${CHECKIN}</arg>
<arg>${DATACHECKIN}</arg>
<arg>[TAB]</arg>
</arguments>
<msg timestamp="20200909 21:57:15.652" level="INFO">Typing text '25/12/2020' into text field '//*[@id="checkin"]'.</msg>
<status status="PASS" starttime="20200909 21:57:15.651" endtime="20200909 21:57:15.729"></status>
</kw>
<kw name="Click Element" library="SeleniumLibrary">
<doc>Click the element identified by ``locator``.</doc>
<arguments>
<arg>${CHECKOUT}</arg>
</arguments>
<msg timestamp="20200909 21:57:15.730" level="INFO">Clicking element '//*[@id="checkout"]'.</msg>
<status status="PASS" starttime="20200909 21:57:15.730" endtime="20200909 21:57:15.777"></status>
</kw>
<kw name="Input Text" library="SeleniumLibrary">
<doc>Types the given ``text`` into the text field identified by ``locator``.</doc>
<arguments>
<arg>${CHECKOUT}</arg>
<arg>${DATACHECKOUT}</arg>
<arg>[TAB]</arg>
</arguments>
<msg timestamp="20200909 21:57:15.778" level="INFO">Typing text '08/01/2021' into text field '//*[@id="checkout"]'.</msg>
<status status="PASS" starttime="20200909 21:57:15.778" endtime="20200909 21:57:15.859"></status>
</kw>
<kw name="Click Element" library="SeleniumLibrary">
<doc>Click the element identified by ``locator``.</doc>
<arguments>
<arg>xpath:${ADDCHILDREN}</arg>
</arguments>
<msg timestamp="20200909 21:57:15.859" level="INFO">Clicking element 'xpath://*[@id="hotels"]/div/div/form/div/div/div[3]/div/div/div/div/div/div/div[2]/div/div[2]/div/span/button[1]'.</msg>
<status status="PASS" starttime="20200909 21:57:15.859" endtime="20200909 21:57:15.897"></status>
</kw>
<kw name="Click Element" library="SeleniumLibrary">
<doc>Click the element identified by ``locator``.</doc>
<arguments>
<arg>xpath:${ADDCHILDREN}</arg>
</arguments>
<msg timestamp="20200909 21:57:15.898" level="INFO">Clicking element 'xpath://*[@id="hotels"]/div/div/form/div/div/div[3]/div/div/div/div/div/div/div[2]/div/div[2]/div/span/button[1]'.</msg>
<status status="PASS" starttime="20200909 21:57:15.898" endtime="20200909 21:57:15.924"></status>
</kw>
<kw name="Click Element" library="SeleniumLibrary">
<doc>Click the element identified by ``locator``.</doc>
<arguments>
<arg>xpath:${SEARCH}</arg>
</arguments>
<msg timestamp="20200909 21:57:15.924" level="INFO">Clicking element 'xpath://*[@id="hotels"]/div/div/form/div/div/div[4]/button'.</msg>
<status status="PASS" starttime="20200909 21:57:15.924" endtime="20200909 21:57:17.451"></status>
</kw>
<kw name="Capture Page Screenshot" library="SeleniumLibrary">
<doc>Takes a screenshot of the current page and embeds it into a log file.</doc>
<msg timestamp="20200909 21:57:17.733" level="INFO" html="yes">&lt;/td&gt;&lt;/tr&gt;&lt;tr&gt;&lt;td colspan="3"&gt;&lt;a href="selenium-screenshot-3.png"&gt;&lt;img src="selenium-screenshot-3.png" width="800px"&gt;&lt;/a&gt;</msg>
<status status="PASS" starttime="20200909 21:57:17.451" endtime="20200909 21:57:17.733"></status>
</kw>
<kw name="Sleep" library="BuiltIn">
<doc>Pauses the test executed for the given time.</doc>
<arguments>
<arg>5s</arg>
</arguments>
<msg timestamp="20200909 21:57:22.734" level="INFO">Slept 5 seconds</msg>
<status status="PASS" starttime="20200909 21:57:17.733" endtime="20200909 21:57:22.734"></status>
</kw>
<kw name="Close Browser" library="SeleniumLibrary">
<doc>Closes the current browser.</doc>
<status status="PASS" starttime="20200909 21:57:22.734" endtime="20200909 21:57:24.831"></status>
</kw>
<status status="PASS" starttime="20200909 21:57:14.628" endtime="20200909 21:57:24.831"></status>
</kw>
<status status="PASS" starttime="20200909 21:57:04.620" endtime="20200909 21:57:24.832" critical="yes"></status>
</test>
<test id="s1-s1-t2" name="Verifica Saldo">
<kw name="Run Keyword And Return Status" library="BuiltIn">
<doc>Runs the given keyword with given arguments and returns the status as a Boolean value.</doc>
<arguments>
<arg>Verifica Valor Total da Compra</arg>
</arguments>
<assign>
<var>${VERIFICAVALORTOTAL}</var>
</assign>
<kw name="Verifica Valor Total da Compra">
<msg timestamp="20200909 21:57:24.837" level="FAIL">No keyword with name 'Verifica Valor Total da Compra' found.</msg>
<status status="FAIL" starttime="20200909 21:57:24.837" endtime="20200909 21:57:24.837"></status>
</kw>
<msg timestamp="20200909 21:57:24.838" level="INFO">${VERIFICAVALORTOTAL} = False</msg>
<status status="PASS" starttime="20200909 21:57:24.834" endtime="20200909 21:57:24.838"></status>
</kw>
<kw name="Run Keyword If" library="BuiltIn">
<doc>Runs the given keyword with the given arguments, if ``condition`` is true.</doc>
<arguments>
<arg>'${VERIFICAVALORTOTAL}'=='True'</arg>
<arg>Run Keywords</arg>
<arg>Capture Page Screenshot</arg>
<arg>AND</arg>
<arg>Log To Console</arg>
<arg>Saldo Suficiente!</arg>
<arg>ELSE</arg>
<arg>Run Keywords</arg>
<arg>Capture Page Screenshot</arg>
<arg>AND</arg>
<arg>Log To Console</arg>
<arg>Saldo Insuficiente!</arg>
</arguments>
<kw name="Run Keywords" library="BuiltIn">
<doc>Executes all the given keywords in a sequence.</doc>
<arguments>
<arg>Capture Page Screenshot</arg>
<arg>AND</arg>
<arg>Log To Console</arg>
<arg>Saldo Insuficiente!</arg>
</arguments>
<kw name="Capture Page Screenshot" library="SeleniumLibrary">
<doc>Takes a screenshot of the current page and embeds it into a log file.</doc>
<msg timestamp="20200909 21:57:24.839" level="INFO">Cannot capture screenshot because no browser is open.</msg>
<status status="PASS" starttime="20200909 21:57:24.839" endtime="20200909 21:57:24.839"></status>
</kw>
<kw name="Log To Console" library="BuiltIn">
<doc>Logs the given message to the console.</doc>
<arguments>
<arg>Saldo Insuficiente!</arg>
</arguments>
<status status="PASS" starttime="20200909 21:57:24.839" endtime="20200909 21:57:24.839"></status>
</kw>
<status status="PASS" starttime="20200909 21:57:24.838" endtime="20200909 21:57:24.839"></status>
</kw>
<status status="PASS" starttime="20200909 21:57:24.838" endtime="20200909 21:57:24.839"></status>
</kw>
<status status="PASS" starttime="20200909 21:57:24.833" endtime="20200909 21:57:24.839" critical="yes"></status>
</test>
<test id="s1-s1-t3" name="Verifica Valor Total da Compra">
<kw name="Wait Until Page Contains Element" library="SeleniumLibrary">
<doc>Waits until the element ``locator`` appears on the current page.</doc>
<arguments>
<arg>${LIXEIRACOMPRA}</arg>
<arg>timeout=60.0</arg>
</arguments>
<msg timestamp="20200909 21:57:24.841" level="FAIL">Variable '${LIXEIRACOMPRA}' not found.</msg>
<status status="FAIL" starttime="20200909 21:57:24.840" endtime="20200909 21:57:24.841"></status>
</kw>
<status status="FAIL" starttime="20200909 21:57:24.840" endtime="20200909 21:57:24.841" critical="yes">Variable '${LIXEIRACOMPRA}' not found.</status>
</test>
<status status="FAIL" starttime="20200909 21:57:04.434" endtime="20200909 21:57:24.842"></status>
</suite>
<status status="FAIL" starttime="20200909 21:57:04.409" endtime="20200909 21:57:24.844"></status>
</suite>
<statistics>
<total>
<stat pass="2" fail="1">Critical Tests</stat>
<stat pass="2" fail="1">All Tests</stat>
</total>
<tag>
</tag>
<suite>
<stat pass="2" fail="1" id="s1" name="TestSuite">TestSuite</stat>
<stat pass="2" fail="1" id="s1-s1" name="Hotel TestSuite">TestSuite.Hotel TestSuite</stat>
</suite>
</statistics>
<errors>
</errors>
</robot>
