<?xml version="1.0" encoding="UTF-8"?>
<robot generator="Robot 3.2.1 (Python 3.8.2 on linux)" generated="20200826 21:31:15.153" rpa="false">
<suite id="s1" name="TestSuite" source="/home/victorfmarques/Documents/Faculdade/2020/2/topicos_em_linguagem_de_programacao/UNISAL/TestSuite">
<suite id="s1-s1" name="Teste TestSuite" source="/home/victorfmarques/Documents/Faculdade/2020/2/topicos_em_linguagem_de_programacao/UNISAL/TestSuite/Teste_TestSuite.robot">
<test id="s1-s1-t1" name="Test title">
<kw name="GoToRobotFramework" library="Teste_Keywords">
<kw name="Open Browser" library="SeleniumLibrary">
<doc>Opens a new browser instance to the optional ``url``.</doc>
<arguments>
<arg>${ROBOTFRAMEWORKURL}</arg>
<arg>${BROWSER}</arg>
<arg>options=add_argument("--incognito")</arg>
</arguments>
<msg timestamp="20200826 21:31:15.273" level="INFO">Opening browser 'chrome' to base url 'https://robotframework.org/'.</msg>
<status status="PASS" starttime="20200826 21:31:15.273" endtime="20200826 21:31:20.595"></status>
</kw>
<kw name="Maximize Browser Window" library="SeleniumLibrary">
<doc>Maximizes current browser window.</doc>
<status status="PASS" starttime="20200826 21:31:20.595" endtime="20200826 21:31:21.532"></status>
</kw>
<kw name="Go To" library="SeleniumLibrary">
<doc>Navigates the current browser window to the provided ``url``.</doc>
<arguments>
<arg>${ROBOTFRAMEWORKURL}</arg>
</arguments>
<msg timestamp="20200826 21:31:21.532" level="INFO">Opening url 'https://robotframework.org/'</msg>
<status status="PASS" starttime="20200826 21:31:21.532" endtime="20200826 21:31:21.875"></status>
</kw>
<status status="PASS" starttime="20200826 21:31:15.272" endtime="20200826 21:31:21.875"></status>
</kw>
<kw name="GoToLibrariesBuiltin" library="Teste_Keywords">
<kw name="Click Link" library="SeleniumLibrary">
<doc>Clicks a link identified by ``locator``.</doc>
<arguments>
<arg>xpath:${LIBRARIESBUTTON}</arg>
</arguments>
<msg timestamp="20200826 21:31:21.876" level="INFO">Clicking link 'xpath://a[@href="#libraries"]'.</msg>
<status status="PASS" starttime="20200826 21:31:21.876" endtime="20200826 21:31:23.356"></status>
</kw>
<kw name="Click Link" library="SeleniumLibrary">
<doc>Clicks a link identified by ``locator``.</doc>
<arguments>
<arg>${BULTINBUTTON}</arg>
</arguments>
<msg timestamp="20200826 21:31:23.357" level="INFO">Clicking link '//a[text()='Builtin']'.</msg>
<status status="PASS" starttime="20200826 21:31:23.356" endtime="20200826 21:31:23.465"></status>
</kw>
<kw name="Select Window" library="SeleniumLibrary">
<doc>DEPRECATED in SeleniumLibrary 4.0. , use `Switch Window` instead.</doc>
<arguments>
<arg>NEW</arg>
</arguments>
<status status="PASS" starttime="20200826 21:31:23.465" endtime="20200826 21:31:23.473"></status>
</kw>
<kw name="Capture Page Screenshot" library="SeleniumLibrary">
<doc>Takes a screenshot of the current page and embeds it into a log file.</doc>
<msg timestamp="20200826 21:31:24.024" level="INFO" html="yes">&lt;/td&gt;&lt;/tr&gt;&lt;tr&gt;&lt;td colspan="3"&gt;&lt;a href="selenium-screenshot-1.png"&gt;&lt;img src="selenium-screenshot-1.png" width="800px"&gt;&lt;/a&gt;</msg>
<status status="PASS" starttime="20200826 21:31:23.474" endtime="20200826 21:31:24.024"></status>
</kw>
<kw name="Sleep" library="BuiltIn">
<doc>Pauses the test executed for the given time.</doc>
<arguments>
<arg>5s</arg>
</arguments>
<msg timestamp="20200826 21:31:29.025" level="INFO">Slept 5 seconds</msg>
<status status="PASS" starttime="20200826 21:31:24.024" endtime="20200826 21:31:29.025"></status>
</kw>
<kw name="Close Browser" library="SeleniumLibrary">
<doc>Closes the current browser.</doc>
<status status="PASS" starttime="20200826 21:31:29.025" endtime="20200826 21:31:29.086"></status>
</kw>
<status status="PASS" starttime="20200826 21:31:21.875" endtime="20200826 21:31:29.086"></status>
</kw>
<tags>
<tag>Teste1</tag>
</tags>
<status status="PASS" starttime="20200826 21:31:15.272" endtime="20200826 21:31:29.086" critical="yes"></status>
</test>
<doc>Suite description</doc>
<status status="PASS" starttime="20200826 21:31:15.170" endtime="20200826 21:31:29.087"></status>
</suite>
<status status="PASS" starttime="20200826 21:31:15.154" endtime="20200826 21:31:29.090"></status>
</suite>
<statistics>
<total>
<stat pass="1" fail="0">Critical Tests</stat>
<stat pass="1" fail="0">All Tests</stat>
</total>
<tag>
<stat pass="1" fail="0">Teste1</stat>
</tag>
<suite>
<stat pass="1" fail="0" id="s1" name="TestSuite">TestSuite</stat>
<stat pass="1" fail="0" id="s1-s1" name="Teste TestSuite">TestSuite.Teste TestSuite</stat>
</suite>
</statistics>
<errors>
<msg timestamp="20200826 21:31:15.269" level="ERROR">Error in file '/home/victorfmarques/Documents/Faculdade/2020/2/topicos_em_linguagem_de_programacao/UNISAL/Functions/Teste_Keywords.robot' on line 4: Error in file '/home/victorfmarques/Documents/Faculdade/2020/2/topicos_em_linguagem_de_programacao/UNISAL/TestSuite/Teste_TestSuite.robot' on line 7: Resource file with 'Test Cases' section is invalid.</msg>
<msg timestamp="20200826 21:31:15.270" level="ERROR">Error in file '/home/victorfmarques/Documents/Faculdade/2020/2/topicos_em_linguagem_de_programacao/UNISAL/PageObjects/Teste_InputData.robot' on line 4: Error in file '/home/victorfmarques/Documents/Faculdade/2020/2/topicos_em_linguagem_de_programacao/UNISAL/TestSuite/Teste_TestSuite.robot' on line 7: Resource file with 'Test Cases' section is invalid.</msg>
<msg timestamp="20200826 21:31:15.271" level="ERROR">Error in file '/home/victorfmarques/Documents/Faculdade/2020/2/topicos_em_linguagem_de_programacao/UNISAL/PageObjects/Teste_PageObjects.robot' on line 4: Error in file '/home/victorfmarques/Documents/Faculdade/2020/2/topicos_em_linguagem_de_programacao/UNISAL/TestSuite/Teste_TestSuite.robot' on line 7: Resource file with 'Test Cases' section is invalid.</msg>
<msg timestamp="20200826 21:31:15.271" level="ERROR">Error in file '/home/victorfmarques/Documents/Faculdade/2020/2/topicos_em_linguagem_de_programacao/UNISAL/PageObjects/Teste_PageObjects.robot' on line 5: Resource file '../Functions/Teste_InputData.robot' does not exist.</msg>
</errors>
</robot>
