<?xml version="1.0" encoding="UTF-8"?>
<robot generator="Robot 3.2.1 (Python 3.8.5 on win32)" generated="20200819 22:22:20.469" rpa="false">
<suite id="s1" name="Teste TestSuite" source="C:\Users\legab\PycharmProjects\UNISAL\TestSuite\Teste_TestSuite.robot">
<test id="s1-t1" name="Test title">
<kw name="GoToRobotFramework" library="Teste_Keywords">
<kw name="Open Browser" library="SeleniumLibrary">
<doc>Opens a new browser instance to the optional ``url``.</doc>
<arguments>
<arg>${ROBOTFRAMEWORKURL}</arg>
<arg>${BROWSER}</arg>
<arg>options=add_argument("--incognito")</arg>
</arguments>
<msg timestamp="20200819 22:22:20.667" level="INFO">Opening browser 'chrome' to base url 'https://robotframework.org/'.</msg>
<status status="PASS" starttime="20200819 22:22:20.667" endtime="20200819 22:22:28.006"></status>
</kw>
<kw name="Maximize Browser Window" library="SeleniumLibrary">
<doc>Maximizes current browser window.</doc>
<status status="PASS" starttime="20200819 22:22:28.006" endtime="20200819 22:22:30.160"></status>
</kw>
<kw name="Go To" library="SeleniumLibrary">
<doc>Navigates the current browser window to the provided ``url``.</doc>
<arguments>
<arg>${ROBOTFRAMEWORKURL}</arg>
</arguments>
<msg timestamp="20200819 22:22:30.161" level="INFO">Opening url 'https://robotframework.org/'</msg>
<status status="PASS" starttime="20200819 22:22:30.161" endtime="20200819 22:22:30.403"></status>
</kw>
<status status="PASS" starttime="20200819 22:22:20.666" endtime="20200819 22:22:30.403"></status>
</kw>
<kw name="GoToLibrariesBuiltin" library="Teste_Keywords">
<kw name="Click Link" library="SeleniumLibrary">
<doc>Clicks a link identified by ``locator``.</doc>
<arguments>
<arg>xpath:${LIBRARIESBUTTON}</arg>
</arguments>
<msg timestamp="20200819 22:22:30.404" level="INFO">Clicking link 'xpath://a[@href="#libraries"]'.</msg>
<status status="PASS" starttime="20200819 22:22:30.404" endtime="20200819 22:22:30.455"></status>
</kw>
<kw name="Click Link" library="SeleniumLibrary">
<doc>Clicks a link identified by ``locator``.</doc>
<arguments>
<arg>${BULTINBUTTON}</arg>
</arguments>
<msg timestamp="20200819 22:22:30.455" level="INFO">Clicking link '//a[text()='Builtin']'.</msg>
<status status="PASS" starttime="20200819 22:22:30.455" endtime="20200819 22:22:30.693"></status>
</kw>
<kw name="Select Window" library="SeleniumLibrary">
<doc>DEPRECATED in SeleniumLibrary 4.0. , use `Switch Window` instead.</doc>
<arguments>
<arg>NEW</arg>
</arguments>
<status status="PASS" starttime="20200819 22:22:30.693" endtime="20200819 22:22:30.698"></status>
</kw>
<kw name="Capture Page Screenshot" library="SeleniumLibrary">
<doc>Takes a screenshot of the current page and embeds it into a log file.</doc>
<msg timestamp="20200819 22:22:33.010" level="INFO" html="yes">&lt;/td&gt;&lt;/tr&gt;&lt;tr&gt;&lt;td colspan="3"&gt;&lt;a href="selenium-screenshot-1.png"&gt;&lt;img src="selenium-screenshot-1.png" width="800px"&gt;&lt;/a&gt;</msg>
<status status="PASS" starttime="20200819 22:22:30.698" endtime="20200819 22:22:33.010"></status>
</kw>
<kw name="Sleep" library="BuiltIn">
<doc>Pauses the test executed for the given time.</doc>
<arguments>
<arg>5s</arg>
</arguments>
<msg timestamp="20200819 22:22:38.025" level="INFO">Slept 5 seconds</msg>
<status status="PASS" starttime="20200819 22:22:33.010" endtime="20200819 22:22:38.025"></status>
</kw>
<kw name="Close Browser" library="SeleniumLibrary">
<doc>Closes the current browser.</doc>
<status status="PASS" starttime="20200819 22:22:38.025" endtime="20200819 22:22:40.132"></status>
</kw>
<status status="PASS" starttime="20200819 22:22:30.403" endtime="20200819 22:22:40.132"></status>
</kw>
<tags>
<tag>Teste1</tag>
</tags>
<status status="PASS" starttime="20200819 22:22:20.666" endtime="20200819 22:22:40.133" critical="yes"></status>
</test>
<doc>Suite description</doc>
<status status="PASS" starttime="20200819 22:22:20.470" endtime="20200819 22:22:40.134"></status>
</suite>
<statistics>
<total>
<stat pass="1" fail="0">Critical Tests</stat>
<stat pass="1" fail="0">All Tests</stat>
</total>
<tag>
<stat pass="1" fail="0">Teste1</stat>
</tag>
<suite>
<stat pass="1" fail="0" id="s1" name="Teste TestSuite">Teste TestSuite</stat>
</suite>
</statistics>
<errors>
<msg timestamp="20200819 22:22:20.659" level="ERROR">Error in file 'C:\Users\legab\PycharmProjects\UNISAL\Functions\Teste_Keywords.robot' on line 4: Error in file 'C:\Users\legab\PycharmProjects\UNISAL\TestSuite\Teste_TestSuite.robot' on line 7: Resource file with 'Test Cases' section is invalid.</msg>
<msg timestamp="20200819 22:22:20.662" level="ERROR">Error in file 'C:\Users\legab\PycharmProjects\UNISAL\PageObjects\Teste_InputData.robot' on line 4: Error in file 'C:\Users\legab\PycharmProjects\UNISAL\TestSuite\Teste_TestSuite.robot' on line 7: Resource file with 'Test Cases' section is invalid.</msg>
<msg timestamp="20200819 22:22:20.663" level="ERROR">Error in file 'C:\Users\legab\PycharmProjects\UNISAL\PageObjects\Teste_PageObjects.robot' on line 4: Error in file 'C:\Users\legab\PycharmProjects\UNISAL\TestSuite\Teste_TestSuite.robot' on line 7: Resource file with 'Test Cases' section is invalid.</msg>
<msg timestamp="20200819 22:22:20.664" level="ERROR">Error in file 'C:\Users\legab\PycharmProjects\UNISAL\PageObjects\Teste_PageObjects.robot' on line 5: Resource file '..\Functions\Teste_InputData.robot' does not exist.</msg>
</errors>
</robot>
