<?xml version="1.0" encoding="UTF-8"?>
<robot generator="Robot 3.2.1 (Python 3.8.2 on linux)" generated="20200826 22:04:45.872" rpa="false">
<suite id="s1" name="BDD" source="/home/victorfmarques/Documents/Faculdade/2020/2/topicos_em_linguagem_de_programacao/UNISAL_2/BDD">
<suite id="s1-s1" name="TestCasesKeywordsDrivenExemplo" source="/home/victorfmarques/Documents/Faculdade/2020/2/topicos_em_linguagem_de_programacao/UNISAL_2/BDD/TestCasesKeywordsDrivenExemplo.robot">
<test id="s1-s1-t1" name="Validar acesso ao blog robotizando">
<kw name="Acessar blog robotizando" library="Resource">
<kw name="Open Browser" library="SeleniumLibrary">
<doc>Opens a new browser instance to the optional ``url``.</doc>
<arguments>
<arg>${URL}</arg>
<arg>${BROWSER}</arg>
</arguments>
<msg timestamp="20200826 22:04:45.993" level="INFO">Opening browser 'chrome' to base url 'http://robotizandotestes.blogspot.com/'.</msg>
<status status="PASS" starttime="20200826 22:04:45.992" endtime="20200826 22:04:49.624"></status>
</kw>
<kw name="Maximize Browser Window" library="SeleniumLibrary">
<doc>Maximizes current browser window.</doc>
<status status="PASS" starttime="20200826 22:04:49.624" endtime="20200826 22:04:49.730"></status>
</kw>
<kw name="Wait Until Element Is Visible" library="SeleniumLibrary">
<doc>Waits until the element ``locator`` is visible.</doc>
<arguments>
<arg>${CABECALHO}</arg>
</arguments>
<status status="PASS" starttime="20200826 22:04:49.730" endtime="20200826 22:04:49.767"></status>
</kw>
<kw name="Title Should Be" library="SeleniumLibrary">
<doc>Verifies that the current page title equals ``title``.</doc>
<arguments>
<arg>Robotizando Testes</arg>
</arguments>
<msg timestamp="20200826 22:04:49.772" level="INFO">Page title is 'Robotizando Testes'.</msg>
<status status="PASS" starttime="20200826 22:04:49.767" endtime="20200826 22:04:49.772"></status>
</kw>
<status status="PASS" starttime="20200826 22:04:45.991" endtime="20200826 22:04:49.772"></status>
</kw>
<status status="PASS" starttime="20200826 22:04:45.991" endtime="20200826 22:04:49.772" critical="yes"></status>
</test>
<test id="s1-s1-t2" name="Validar pesquisa de postagens">
<kw name="Pesquisar a postagem &quot;season premiere&quot;" library="Resource">
<kw name="Click Element" library="SeleniumLibrary">
<doc>Click the element identified by ``locator``.</doc>
<arguments>
<arg>${BOTAO_LUPA}</arg>
</arguments>
<msg timestamp="20200826 22:04:49.774" level="INFO">Clicking element '//button[@aria-label="Pesquisa"]'.</msg>
<status status="PASS" starttime="20200826 22:04:49.774" endtime="20200826 22:04:49.845"></status>
</kw>
<kw name="Input Text" library="SeleniumLibrary">
<doc>Types the given ``text`` into the text field identified by ``locator``.</doc>
<arguments>
<arg>${CAMPO_PESQUISAR}</arg>
<arg>${PESQUISA}</arg>
</arguments>
<msg timestamp="20200826 22:04:49.846" level="INFO">Typing text 'season premiere' into text field '//input[@name="q"]'.</msg>
<status status="PASS" starttime="20200826 22:04:49.845" endtime="20200826 22:04:49.966"></status>
</kw>
<kw name="Click Element" library="SeleniumLibrary">
<doc>Click the element identified by ``locator``.</doc>
<arguments>
<arg>${BOTAO_PESQUISAR}</arg>
</arguments>
<msg timestamp="20200826 22:04:49.967" level="INFO">Clicking element '//input[@value="Pesquisa"]'.</msg>
<status status="PASS" starttime="20200826 22:04:49.966" endtime="20200826 22:04:51.636"></status>
</kw>
<kw name="Wait Until Element Is Visible" library="SeleniumLibrary">
<doc>Waits until the element ``locator`` is visible.</doc>
<arguments>
<arg>xpath:${LINK_POST}</arg>
</arguments>
<status status="PASS" starttime="20200826 22:04:51.637" endtime="20200826 22:04:51.665"></status>
</kw>
<status status="PASS" starttime="20200826 22:04:49.774" endtime="20200826 22:04:51.665"></status>
</kw>
<kw name="Clicar no post &quot;Season Premiere: Introdução ao Robot Framework&quot; encontrado" library="Resource">
<kw name="Click Element" library="SeleniumLibrary">
<doc>Click the element identified by ``locator``.</doc>
<arguments>
<arg>xpath:${LINK_POST}</arg>
</arguments>
<msg timestamp="20200826 22:04:51.666" level="INFO">Clicking element 'xpath://*[@id='Blog1']/div[1]/b/i/article/div/div/h3/a'.</msg>
<status status="PASS" starttime="20200826 22:04:51.666" endtime="20200826 22:04:53.801"></status>
</kw>
<kw name="Wait Until Element Is Visible" library="SeleniumLibrary">
<doc>Waits until the element ``locator`` is visible.</doc>
<arguments>
<arg>xpath:${TITULO_POST}</arg>
</arguments>
<status status="PASS" starttime="20200826 22:04:53.802" endtime="20200826 22:04:53.836"></status>
</kw>
<kw name="Title Should Be" library="SeleniumLibrary">
<doc>Verifies that the current page title equals ``title``.</doc>
<arguments>
<arg>${TITULO_POST_DESC}</arg>
</arguments>
<msg timestamp="20200826 22:04:53.841" level="INFO">Page title is 'Season Premiere: Introdução ao Robot Framework'.</msg>
<status status="PASS" starttime="20200826 22:04:53.836" endtime="20200826 22:04:53.841"></status>
</kw>
<kw name="Capture Page Screenshot" library="SeleniumLibrary">
<doc>Takes a screenshot of the current page and embeds it into a log file.</doc>
<msg timestamp="20200826 22:04:54.064" level="INFO" html="yes">&lt;/td&gt;&lt;/tr&gt;&lt;tr&gt;&lt;td colspan="3"&gt;&lt;a href="selenium-screenshot-3.png"&gt;&lt;img src="selenium-screenshot-3.png" width="800px"&gt;&lt;/a&gt;</msg>
<status status="PASS" starttime="20200826 22:04:53.841" endtime="20200826 22:04:54.064"></status>
</kw>
<status status="PASS" starttime="20200826 22:04:51.666" endtime="20200826 22:04:54.065"></status>
</kw>
<status status="PASS" starttime="20200826 22:04:49.773" endtime="20200826 22:04:54.065" critical="yes"></status>
</test>
<doc>Suite description</doc>
<status status="PASS" starttime="20200826 22:04:45.889" endtime="20200826 22:04:54.066"></status>
</suite>
<status status="PASS" starttime="20200826 22:04:45.873" endtime="20200826 22:04:54.074"></status>
</suite>
<statistics>
<total>
<stat pass="2" fail="0">Critical Tests</stat>
<stat pass="2" fail="0">All Tests</stat>
</total>
<tag>
</tag>
<suite>
<stat pass="2" fail="0" id="s1" name="BDD">BDD</stat>
<stat pass="2" fail="0" id="s1-s1" name="TestCasesKeywordsDrivenExemplo">BDD.TestCasesKeywordsDrivenExemplo</stat>
</suite>
</statistics>
<errors>
<msg timestamp="20200826 22:04:45.989" level="ERROR">Error in file '/home/victorfmarques/Documents/Faculdade/2020/2/topicos_em_linguagem_de_programacao/UNISAL_2/Resource/Resource.robot' on line 3: Error in file '/home/victorfmarques/Documents/Faculdade/2020/2/topicos_em_linguagem_de_programacao/UNISAL_2/BDD/TestCasesKeywordsDrivenExemplo.robot' on line 5: Resource file with 'Test Cases' section is invalid.</msg>
</errors>
</robot>
