<?xml version="1.0" encoding="UTF-8"?>
<robot generator="Robot 3.2.1 (Python 3.8.5 on win32)" generated="20200909 21:58:40.745" rpa="false">
<suite id="s1" name="TestSuite" source="C:\temp\ws-PyCharm\topicos_em_linguagem_de_programacao\UNISAL_4\TestSuite">
<suite id="s1-s1" name="Teste TestSuite" source="C:\temp\ws-PyCharm\topicos_em_linguagem_de_programacao\UNISAL_4\TestSuite\Teste_TestSuite.robot">
<test id="s1-s1-t1" name="Test title">
<kw name="GoToURL" library="Teste_Keywords">
<kw name="Open Browser" library="SeleniumLibrary">
<doc>Opens a new browser instance to the optional ``url``.</doc>
<arguments>
<arg>${URL}</arg>
<arg>${BROWSER}</arg>
<arg>options=add_argument("--incognito")</arg>
</arguments>
<msg timestamp="20200909 21:58:40.957" level="INFO">Opening browser 'chrome' to base url 'http://automationpractice.com/index.php'.</msg>
<status status="PASS" starttime="20200909 21:58:40.956" endtime="20200909 21:58:47.732"></status>
</kw>
<kw name="Maximize Browser Window" library="SeleniumLibrary">
<doc>Maximizes current browser window.</doc>
<status status="PASS" starttime="20200909 21:58:47.733" endtime="20200909 21:58:49.868"></status>
</kw>
<status status="PASS" starttime="20200909 21:58:40.956" endtime="20200909 21:58:49.868"></status>
</kw>
<kw name="AddToCart" library="Teste_Keywords">
<kw name="Wait Until Page Contains Element" library="SeleniumLibrary">
<doc>Waits until the element ``locator`` appears on the current page.</doc>
<arguments>
<arg>${ITEMCARD}</arg>
</arguments>
<status status="PASS" starttime="20200909 21:58:49.869" endtime="20200909 21:58:49.884"></status>
</kw>
<kw name="Mouse Over" library="SeleniumLibrary">
<doc>Simulates hovering the mouse over the element ``locator``.</doc>
<arguments>
<arg>${ITEMCARD}</arg>
</arguments>
<msg timestamp="20200909 21:58:49.885" level="INFO">Simulating Mouse Over on element '//*[@id="homefeatured"]/li[1]'.</msg>
<status status="PASS" starttime="20200909 21:58:49.884" endtime="20200909 21:58:50.169"></status>
</kw>
<kw name="Wait Until Page Contains Element" library="SeleniumLibrary">
<doc>Waits until the element ``locator`` appears on the current page.</doc>
<arguments>
<arg>${ADDTOCARTBUTTON}</arg>
<arg>timeout=20.0</arg>
</arguments>
<status status="PASS" starttime="20200909 21:58:50.170" endtime="20200909 21:58:50.189"></status>
</kw>
<kw name="Click Link" library="SeleniumLibrary">
<doc>Clicks a link identified by ``locator``.</doc>
<arguments>
<arg>xpath:${ADDTOCARTBUTTON}</arg>
</arguments>
<msg timestamp="20200909 21:58:50.190" level="INFO">Clicking link 'xpath://*[@id="homefeatured"]/li[1]/div/div[2]/div[2]/a[1]'.</msg>
<status status="PASS" starttime="20200909 21:58:50.189" endtime="20200909 21:58:50.233"></status>
</kw>
<kw name="Wait Until Page Contains Element" library="SeleniumLibrary">
<doc>Waits until the element ``locator`` appears on the current page.</doc>
<arguments>
<arg>${PROCEEDTOCHECKOUT}</arg>
<arg>timeout=20.0</arg>
</arguments>
<status status="PASS" starttime="20200909 21:58:50.234" endtime="20200909 21:58:50.243"></status>
</kw>
<kw name="Sleep" library="BuiltIn">
<doc>Pauses the test executed for the given time.</doc>
<arguments>
<arg>5</arg>
</arguments>
<msg timestamp="20200909 21:58:55.244" level="INFO">Slept 5 seconds</msg>
<status status="PASS" starttime="20200909 21:58:50.243" endtime="20200909 21:58:55.244"></status>
</kw>
<kw name="Click Link" library="SeleniumLibrary">
<doc>Clicks a link identified by ``locator``.</doc>
<arguments>
<arg>xpath:${PROCEEDTOCHECKOUT}</arg>
</arguments>
<msg timestamp="20200909 21:58:55.245" level="INFO">Clicking link 'xpath://a[@title='Proceed to checkout']'.</msg>
<status status="PASS" starttime="20200909 21:58:55.244" endtime="20200909 21:58:57.284"></status>
</kw>
<status status="PASS" starttime="20200909 21:58:49.869" endtime="20200909 21:58:57.284"></status>
</kw>
<kw name="AddQty" library="Teste_Keywords">
<kw name="Wait Until Page Contains Element" library="SeleniumLibrary">
<doc>Waits until the element ``locator`` appears on the current page.</doc>
<arguments>
<arg>${ADDBUTTON}</arg>
<arg>timeout=20.0</arg>
</arguments>
<status status="PASS" starttime="20200909 21:58:57.284" endtime="20200909 21:58:57.294"></status>
</kw>
<kw name="Click Link" library="SeleniumLibrary">
<doc>Clicks a link identified by ``locator``.</doc>
<arguments>
<arg>xpath:${ADDBUTTON}</arg>
</arguments>
<msg timestamp="20200909 21:58:57.294" level="INFO">Clicking link 'xpath://*[@title='Add']'.</msg>
<status status="PASS" starttime="20200909 21:58:57.294" endtime="20200909 21:58:57.336"></status>
</kw>
<kw name="Sleep" library="BuiltIn">
<doc>Pauses the test executed for the given time.</doc>
<arguments>
<arg>5</arg>
</arguments>
<msg timestamp="20200909 21:59:02.338" level="INFO">Slept 5 seconds</msg>
<status status="PASS" starttime="20200909 21:58:57.336" endtime="20200909 21:59:02.338"></status>
</kw>
<status status="PASS" starttime="20200909 21:58:57.284" endtime="20200909 21:59:02.338"></status>
</kw>
<kw name="CheckValue" library="Teste_Keywords">
<kw name="Run Keyword And Return Status" library="BuiltIn">
<doc>Runs the given keyword with given arguments and returns the status as a Boolean value.</doc>
<arguments>
<arg>CheckCartValue</arg>
</arguments>
<assign>
<var>${CHECKFULLVALUE}</var>
</assign>
<kw name="CheckCartValue" library="Teste_Keywords">
<kw name="Wait Until Page Contains Element" library="SeleniumLibrary">
<doc>Waits until the element ``locator`` appears on the current page.</doc>
<arguments>
<arg>${TRASHICON}</arg>
<arg>timeout=20.0</arg>
</arguments>
<status status="PASS" starttime="20200909 21:59:02.339" endtime="20200909 21:59:02.349"></status>
</kw>
<kw name="Page Should Contain Element" library="SeleniumLibrary">
<doc>Verifies that element ``locator`` is found on the current page.</doc>
<arguments>
<arg>${VALUE}</arg>
</arguments>
<msg timestamp="20200909 21:59:02.357" level="INFO">Current page contains element '//*[@id='total_price']//..//*[text()='$35.02']'.</msg>
<status status="PASS" starttime="20200909 21:59:02.349" endtime="20200909 21:59:02.358"></status>
</kw>
<status status="PASS" starttime="20200909 21:59:02.339" endtime="20200909 21:59:02.358"></status>
</kw>
<msg timestamp="20200909 21:59:02.358" level="INFO">${CHECKFULLVALUE} = True</msg>
<status status="PASS" starttime="20200909 21:59:02.339" endtime="20200909 21:59:02.358"></status>
</kw>
<kw name="Run Keyword If" library="BuiltIn">
<doc>Runs the given keyword with the given arguments, if ``condition`` is true.</doc>
<arguments>
<arg>'${CHECKFULLVALUE}'=='True'</arg>
<arg>Run Keywords</arg>
<arg>Capture Page Screenshot</arg>
<arg>AND</arg>
<arg>Log To Console</arg>
<arg>Saldo Suficiente!</arg>
<arg>ELSE</arg>
<arg>Run Keywords</arg>
<arg>Capture Page Screenshot</arg>
<arg>AND</arg>
<arg>Log To Console</arg>
<arg>Saldo Insuficiente!</arg>
</arguments>
<kw name="Run Keywords" library="BuiltIn">
<doc>Executes all the given keywords in a sequence.</doc>
<arguments>
<arg>Capture Page Screenshot</arg>
<arg>AND</arg>
<arg>Log To Console</arg>
<arg>Saldo Suficiente!</arg>
</arguments>
<kw name="Capture Page Screenshot" library="SeleniumLibrary">
<doc>Takes a screenshot of the current page and embeds it into a log file.</doc>
<msg timestamp="20200909 21:59:02.661" level="INFO" html="yes">&lt;/td&gt;&lt;/tr&gt;&lt;tr&gt;&lt;td colspan="3"&gt;&lt;a href="selenium-screenshot-3.png"&gt;&lt;img src="selenium-screenshot-3.png" width="800px"&gt;&lt;/a&gt;</msg>
<status status="PASS" starttime="20200909 21:59:02.358" endtime="20200909 21:59:02.661"></status>
</kw>
<kw name="Log To Console" library="BuiltIn">
<doc>Logs the given message to the console.</doc>
<arguments>
<arg>Saldo Suficiente!</arg>
</arguments>
<status status="PASS" starttime="20200909 21:59:02.661" endtime="20200909 21:59:02.662"></status>
</kw>
<status status="PASS" starttime="20200909 21:59:02.358" endtime="20200909 21:59:02.662"></status>
</kw>
<status status="PASS" starttime="20200909 21:59:02.358" endtime="20200909 21:59:02.662"></status>
</kw>
<status status="PASS" starttime="20200909 21:59:02.338" endtime="20200909 21:59:02.662"></status>
</kw>
<kw name="FecharNavegador" library="Teste_Keywords">
<kw name="Sleep" library="BuiltIn">
<doc>Pauses the test executed for the given time.</doc>
<arguments>
<arg>5</arg>
</arguments>
<msg timestamp="20200909 21:59:07.665" level="INFO">Slept 5 seconds</msg>
<status status="PASS" starttime="20200909 21:59:02.663" endtime="20200909 21:59:07.665"></status>
</kw>
<kw name="Close Browser" library="SeleniumLibrary">
<doc>Closes the current browser.</doc>
<status status="PASS" starttime="20200909 21:59:07.666" endtime="20200909 21:59:09.750"></status>
</kw>
<status status="PASS" starttime="20200909 21:59:02.662" endtime="20200909 21:59:09.750"></status>
</kw>
<tags>
<tag>Teste1</tag>
</tags>
<status status="PASS" starttime="20200909 21:58:40.956" endtime="20200909 21:59:09.751" critical="yes"></status>
</test>
<doc>Suite description</doc>
<status status="PASS" starttime="20200909 21:58:40.771" endtime="20200909 21:59:09.754"></status>
</suite>
<status status="PASS" starttime="20200909 21:58:40.747" endtime="20200909 21:59:09.759"></status>
</suite>
<statistics>
<total>
<stat pass="1" fail="0">Critical Tests</stat>
<stat pass="1" fail="0">All Tests</stat>
</total>
<tag>
<stat pass="1" fail="0">Teste1</stat>
</tag>
<suite>
<stat pass="1" fail="0" id="s1" name="TestSuite">TestSuite</stat>
<stat pass="1" fail="0" id="s1-s1" name="Teste TestSuite">TestSuite.Teste TestSuite</stat>
</suite>
</statistics>
<errors>
<msg timestamp="20200909 21:58:40.948" level="ERROR">Error in file 'C:\temp\ws-PyCharm\topicos_em_linguagem_de_programacao\UNISAL_4\Functions\Teste_Keywords.robot' on line 4: Error in file 'C:\temp\ws-PyCharm\topicos_em_linguagem_de_programacao\UNISAL_4\TestSuite\Teste_TestSuite.robot' on line 7: Resource file with 'Test Cases' section is invalid.</msg>
<msg timestamp="20200909 21:58:40.951" level="ERROR">Error in file 'C:\temp\ws-PyCharm\topicos_em_linguagem_de_programacao\UNISAL_4\PageObjects\Teste_InputData.robot' on line 4: Error in file 'C:\temp\ws-PyCharm\topicos_em_linguagem_de_programacao\UNISAL_4\TestSuite\Teste_TestSuite.robot' on line 7: Resource file with 'Test Cases' section is invalid.</msg>
<msg timestamp="20200909 21:58:40.952" level="ERROR">Error in file 'C:\temp\ws-PyCharm\topicos_em_linguagem_de_programacao\UNISAL_4\PageObjects\Teste_PageObjects.robot' on line 4: Error in file 'C:\temp\ws-PyCharm\topicos_em_linguagem_de_programacao\UNISAL_4\TestSuite\Teste_TestSuite.robot' on line 7: Resource file with 'Test Cases' section is invalid.</msg>
<msg timestamp="20200909 21:58:40.954" level="ERROR">Error in file 'C:\temp\ws-PyCharm\topicos_em_linguagem_de_programacao\UNISAL_4\PageObjects\Teste_PageObjects.robot' on line 5: Resource file '..\Functions\Teste_InputData.robot' does not exist.</msg>
</errors>
</robot>
