<?xml version="1.0" encoding="UTF-8"?>
<robot generator="Robot 3.2.1 (Python 3.8.5 on win32)" generated="20200910 20:33:33.488" rpa="false">
<suite id="s1" name="TestSuite" source="C:\temp\ws-PyCharm\topicos_em_linguagem_de_programacao\UNISAL_2\BDD\TestSuite">
<suite id="s1-s1" name="BDD TestSuite" source="C:\temp\ws-PyCharm\topicos_em_linguagem_de_programacao\UNISAL_2\BDD\TestSuite\BDD_TestSuite.robot">
<test id="s1-s1-t1" name="Cenário 01: Pesquisar postagem Season Premiere">
<kw name="Dado que esteja na tela HOME do blog" library="BDDpt-br">
<kw name="Run Keyword" library="BuiltIn">
<doc>Executes the given keyword with the given arguments.</doc>
<arguments>
<arg>${keyword}</arg>
</arguments>
<kw name="Que esteja na tela HOME do blog">
<kw name="Acessar blog robotizando" library="ResourceBDD">
<kw name="Open Browser" library="SeleniumLibrary">
<doc>Opens a new browser instance to the optional ``url``.</doc>
<arguments>
<arg>${URL}</arg>
<arg>${BROWSER}</arg>
</arguments>
<msg timestamp="20200910 20:33:33.684" level="INFO">Opening browser 'chrome' to base url 'http://robotizandotestes.blogspot.com/'.</msg>
<status status="PASS" starttime="20200910 20:33:33.683" endtime="20200910 20:33:39.673"></status>
</kw>
<kw name="Maximize Browser Window" library="SeleniumLibrary">
<doc>Maximizes current browser window.</doc>
<status status="PASS" starttime="20200910 20:33:39.673" endtime="20200910 20:33:41.797"></status>
</kw>
<kw name="Wait Until Element Is Visible" library="SeleniumLibrary">
<doc>Waits until the element ``locator`` is visible.</doc>
<arguments>
<arg>${CABECALHO}</arg>
</arguments>
<status status="PASS" starttime="20200910 20:33:41.797" endtime="20200910 20:33:41.838"></status>
</kw>
<kw name="Title Should Be" library="SeleniumLibrary">
<doc>Verifies that the current page title equals ``title``.</doc>
<arguments>
<arg>Robotizando Testes</arg>
</arguments>
<msg timestamp="20200910 20:33:41.843" level="INFO">Page title is 'Robotizando Testes'.</msg>
<status status="PASS" starttime="20200910 20:33:41.839" endtime="20200910 20:33:41.843"></status>
</kw>
<status status="PASS" starttime="20200910 20:33:33.683" endtime="20200910 20:33:41.843"></status>
</kw>
<status status="PASS" starttime="20200910 20:33:33.683" endtime="20200910 20:33:41.843"></status>
</kw>
<status status="PASS" starttime="20200910 20:33:33.683" endtime="20200910 20:33:41.843"></status>
</kw>
<status status="PASS" starttime="20200910 20:33:33.682" endtime="20200910 20:33:41.843"></status>
</kw>
<kw name="Quando pesquisar pela palavra &quot;season premiere&quot;" library="BDDpt-br">
<kw name="Run Keyword" library="BuiltIn">
<doc>Executes the given keyword with the given arguments.</doc>
<arguments>
<arg>${keyword}</arg>
</arguments>
<kw name="pesquisar pela palavra &quot;season premiere&quot;">
<kw name="Pesquisar a postagem &quot;${PESQUISA}&quot;" library="ResourceBDD">
<kw name="Click Element" library="SeleniumLibrary">
<doc>Click the element identified by ``locator``.</doc>
<arguments>
<arg>${BOTAO_LUPA}</arg>
</arguments>
<msg timestamp="20200910 20:33:41.845" level="INFO">Clicking element '//button[@aria-label="Pesquisa"]'.</msg>
<status status="PASS" starttime="20200910 20:33:41.845" endtime="20200910 20:33:41.880"></status>
</kw>
<kw name="Input Text" library="SeleniumLibrary">
<doc>Types the given ``text`` into the text field identified by ``locator``.</doc>
<arguments>
<arg>${CAMPO_PESQUISAR}</arg>
<arg>${PESQUISA}</arg>
</arguments>
<msg timestamp="20200910 20:33:41.880" level="INFO">Typing text 'season premiere' into text field '//input[@name="q"]'.</msg>
<status status="PASS" starttime="20200910 20:33:41.880" endtime="20200910 20:33:41.945"></status>
</kw>
<kw name="Click Element" library="SeleniumLibrary">
<doc>Click the element identified by ``locator``.</doc>
<arguments>
<arg>${BOTAO_PESQUISAR}</arg>
</arguments>
<msg timestamp="20200910 20:33:41.945" level="INFO">Clicking element '//input[@value="Pesquisa"]'.</msg>
<status status="PASS" starttime="20200910 20:33:41.945" endtime="20200910 20:33:43.257"></status>
</kw>
<kw name="Wait Until Element Is Visible" library="SeleniumLibrary">
<doc>Waits until the element ``locator`` is visible.</doc>
<arguments>
<arg>${LINK_POST}</arg>
</arguments>
<status status="PASS" starttime="20200910 20:33:43.257" endtime="20200910 20:33:43.278"></status>
</kw>
<status status="PASS" starttime="20200910 20:33:41.844" endtime="20200910 20:33:43.278"></status>
</kw>
<status status="PASS" starttime="20200910 20:33:41.844" endtime="20200910 20:33:43.278"></status>
</kw>
<status status="PASS" starttime="20200910 20:33:41.844" endtime="20200910 20:33:43.278"></status>
</kw>
<status status="PASS" starttime="20200910 20:33:41.844" endtime="20200910 20:33:43.278"></status>
</kw>
<kw name="Então a postagem &quot;Season Premiere: Introdução ao Robot Framework&quot; deve ser listada no resultado" library="BDDpt-br">
<kw name="Run Keyword" library="BuiltIn">
<doc>Executes the given keyword with the given arguments.</doc>
<arguments>
<arg>${keyword}</arg>
</arguments>
<kw name="a postagem &quot;Season Premiere: Introdução ao Robot Framework&quot; deve ser listada no resultado">
<kw name="Verifica Resultado da pesquisa" library="ResourceBDD">
<arguments>
<arg>${TITULO_POST_DESC}</arg>
</arguments>
<kw name="Page Should Contain" library="SeleniumLibrary">
<doc>Verifies that current page contains ``text``.</doc>
<arguments>
<arg>${TITULO_POST}</arg>
</arguments>
<msg timestamp="20200910 20:33:43.293" level="INFO">Current page contains text 'Season Premiere: Introdução ao Robot Framework'.</msg>
<status status="PASS" starttime="20200910 20:33:43.280" endtime="20200910 20:33:43.293"></status>
</kw>
<status status="PASS" starttime="20200910 20:33:43.279" endtime="20200910 20:33:43.293"></status>
</kw>
<status status="PASS" starttime="20200910 20:33:43.279" endtime="20200910 20:33:43.293"></status>
</kw>
<status status="PASS" starttime="20200910 20:33:43.279" endtime="20200910 20:33:43.293"></status>
</kw>
<status status="PASS" starttime="20200910 20:33:43.279" endtime="20200910 20:33:43.293"></status>
</kw>
<status status="PASS" starttime="20200910 20:33:33.682" endtime="20200910 20:33:43.294" critical="yes"></status>
</test>
<test id="s1-s1-t2" name="Cenário 02: Ler postagem Season Premiere">
<kw name="Dado que esteja na tela de resultado da pesquisa pela postagem &quot;Season Premiere: Introdução ao Robot Framework&quot;" library="BDDpt-br">
<kw name="Run Keyword" library="BuiltIn">
<doc>Executes the given keyword with the given arguments.</doc>
<arguments>
<arg>${keyword}</arg>
</arguments>
<kw name="que esteja na tela de resultado da pesquisa pela postagem &quot;Season Premiere: Introdução ao Robot Framework&quot;">
<kw name="Verifica Resultado da pesquisa" library="ResourceBDD">
<arguments>
<arg>${TITULO_POST_DESC}</arg>
</arguments>
<kw name="Page Should Contain" library="SeleniumLibrary">
<doc>Verifies that current page contains ``text``.</doc>
<arguments>
<arg>${TITULO_POST}</arg>
</arguments>
<msg timestamp="20200910 20:33:43.307" level="INFO">Current page contains text 'Season Premiere: Introdução ao Robot Framework'.</msg>
<status status="PASS" starttime="20200910 20:33:43.296" endtime="20200910 20:33:43.307"></status>
</kw>
<status status="PASS" starttime="20200910 20:33:43.296" endtime="20200910 20:33:43.307"></status>
</kw>
<status status="PASS" starttime="20200910 20:33:43.296" endtime="20200910 20:33:43.307"></status>
</kw>
<status status="PASS" starttime="20200910 20:33:43.295" endtime="20200910 20:33:43.307"></status>
</kw>
<status status="PASS" starttime="20200910 20:33:43.295" endtime="20200910 20:33:43.307"></status>
</kw>
<kw name="Quando clicar no link da postagem" library="BDDpt-br">
<kw name="Run Keyword" library="BuiltIn">
<doc>Executes the given keyword with the given arguments.</doc>
<arguments>
<arg>${keyword}</arg>
</arguments>
<kw name="Clicar no link da postagem">
<kw name="Clicar no post encontrado" library="ResourceBDD">
<kw name="Click Element" library="SeleniumLibrary">
<doc>Click the element identified by ``locator``.</doc>
<arguments>
<arg>${LINK_POST}</arg>
</arguments>
<msg timestamp="20200910 20:33:43.309" level="INFO">Clicking element '//*[@id="Blog1"]/div/b/i/article/div/div/h3/a'.</msg>
<status status="PASS" starttime="20200910 20:33:43.309" endtime="20200910 20:33:44.619"></status>
</kw>
<status status="PASS" starttime="20200910 20:33:43.308" endtime="20200910 20:33:44.619"></status>
</kw>
<status status="PASS" starttime="20200910 20:33:43.308" endtime="20200910 20:33:44.619"></status>
</kw>
<status status="PASS" starttime="20200910 20:33:43.308" endtime="20200910 20:33:44.619"></status>
</kw>
<status status="PASS" starttime="20200910 20:33:43.308" endtime="20200910 20:33:44.619"></status>
</kw>
<kw name="Então a tela da postagem &quot;Season Premiere: Introdução ao Robot Framework&quot; deve ser mostrada" library="BDDpt-br">
<kw name="Run Keyword" library="BuiltIn">
<doc>Executes the given keyword with the given arguments.</doc>
<arguments>
<arg>${keyword}</arg>
</arguments>
<kw name="a tela da postagem &quot;Season Premiere: Introdução ao Robot Framework&quot; deve ser mostrada">
<kw name="Valida postagem" library="ResourceBDD">
<arguments>
<arg>${TITULO_POST_DESC}</arg>
</arguments>
<kw name="Wait Until Element Is Visible" library="SeleniumLibrary">
<doc>Waits until the element ``locator`` is visible.</doc>
<arguments>
<arg>${TITULO_POST}</arg>
</arguments>
<status status="PASS" starttime="20200910 20:33:44.621" endtime="20200910 20:33:44.638"></status>
</kw>
<kw name="Title Should Be" library="SeleniumLibrary">
<doc>Verifies that the current page title equals ``title``.</doc>
<arguments>
<arg>${TITULO_POST_DESC}</arg>
</arguments>
<msg timestamp="20200910 20:33:44.641" level="INFO">Page title is 'Season Premiere: Introdução ao Robot Framework'.</msg>
<status status="PASS" starttime="20200910 20:33:44.638" endtime="20200910 20:33:44.641"></status>
</kw>
<kw name="Capture Page Screenshot" library="SeleniumLibrary">
<doc>Takes a screenshot of the current page and embeds it into a log file.</doc>
<msg timestamp="20200910 20:33:44.953" level="INFO" html="yes">&lt;/td&gt;&lt;/tr&gt;&lt;tr&gt;&lt;td colspan="3"&gt;&lt;a href="selenium-screenshot-3.png"&gt;&lt;img src="selenium-screenshot-3.png" width="800px"&gt;&lt;/a&gt;</msg>
<status status="PASS" starttime="20200910 20:33:44.641" endtime="20200910 20:33:44.953"></status>
</kw>
<status status="PASS" starttime="20200910 20:33:44.621" endtime="20200910 20:33:44.953"></status>
</kw>
<status status="PASS" starttime="20200910 20:33:44.620" endtime="20200910 20:33:44.953"></status>
</kw>
<status status="PASS" starttime="20200910 20:33:44.620" endtime="20200910 20:33:44.953"></status>
</kw>
<status status="PASS" starttime="20200910 20:33:44.620" endtime="20200910 20:33:44.953"></status>
</kw>
<status status="PASS" starttime="20200910 20:33:43.295" endtime="20200910 20:33:44.954" critical="yes"></status>
</test>
<kw name="Fechar Navegador" library="ResourceBDD" type="teardown">
<kw name="Close Browser" library="SeleniumLibrary">
<doc>Closes the current browser.</doc>
<status status="PASS" starttime="20200910 20:33:44.955" endtime="20200910 20:33:47.030"></status>
</kw>
<status status="PASS" starttime="20200910 20:33:44.955" endtime="20200910 20:33:47.030"></status>
</kw>
<status status="PASS" starttime="20200910 20:33:33.513" endtime="20200910 20:33:47.030"></status>
</suite>
<status status="PASS" starttime="20200910 20:33:33.490" endtime="20200910 20:33:47.033"></status>
</suite>
<statistics>
<total>
<stat pass="2" fail="0">Critical Tests</stat>
<stat pass="2" fail="0">All Tests</stat>
</total>
<tag>
</tag>
<suite>
<stat pass="2" fail="0" id="s1" name="TestSuite">TestSuite</stat>
<stat pass="2" fail="0" id="s1-s1" name="BDD TestSuite">TestSuite.BDD TestSuite</stat>
</suite>
</statistics>
<errors>
</errors>
</robot>
