<?xml version="1.0" encoding="UTF-8"?>
<robot generator="Robot 3.2.1 (Python 3.8.5 on win32)" generated="20200909 21:40:52.406" rpa="false">
<suite id="s1" name="Teste TestSuite" source="C:\Users\legab\PycharmProjects\UNISAL\TestSuite\Teste_TestSuite.robot">
<test id="s1-t1" name="Test title">
<kw name="GoToURL" library="Teste_Keywords">
<kw name="Open Browser" library="SeleniumLibrary">
<doc>Opens a new browser instance to the optional ``url``.</doc>
<arguments>
<arg>${URL}</arg>
<arg>${BROWSER}</arg>
<arg>options=add_argument("--incognito")</arg>
</arguments>
<msg timestamp="20200909 21:40:52.558" level="INFO">Opening browser 'chrome' to base url 'http://automationpractice.com/index.php'.</msg>
<status status="PASS" starttime="20200909 21:40:52.557" endtime="20200909 21:41:01.366"></status>
</kw>
<kw name="Maximize Browser Window" library="SeleniumLibrary">
<doc>Maximizes current browser window.</doc>
<status status="PASS" starttime="20200909 21:41:01.367" endtime="20200909 21:41:03.539"></status>
</kw>
<status status="PASS" starttime="20200909 21:40:52.557" endtime="20200909 21:41:03.539"></status>
</kw>
<kw name="AddToCart" library="Teste_Keywords">
<kw name="Wait Until Page Contains Element" library="SeleniumLibrary">
<doc>Waits until the element ``locator`` appears on the current page.</doc>
<arguments>
<arg>${ITEMCARD}</arg>
</arguments>
<status status="PASS" starttime="20200909 21:41:03.539" endtime="20200909 21:41:03.548"></status>
</kw>
<kw name="Mouse Over" library="SeleniumLibrary">
<doc>Simulates hovering the mouse over the element ``locator``.</doc>
<arguments>
<arg>${ITEMCARD}</arg>
</arguments>
<msg timestamp="20200909 21:41:03.548" level="INFO">Simulating Mouse Over on element '//*[@id="homefeatured"]/li[1]'.</msg>
<status status="PASS" starttime="20200909 21:41:03.548" endtime="20200909 21:41:03.831"></status>
</kw>
<kw name="Wait Until Page Contains Element" library="SeleniumLibrary">
<doc>Waits until the element ``locator`` appears on the current page.</doc>
<arguments>
<arg>${ADDTOCARTBUTTON}</arg>
<arg>timeout=20.0</arg>
</arguments>
<status status="PASS" starttime="20200909 21:41:03.831" endtime="20200909 21:41:03.838"></status>
</kw>
<kw name="Click Link" library="SeleniumLibrary">
<doc>Clicks a link identified by ``locator``.</doc>
<arguments>
<arg>xpath:${ADDTOCARTBUTTON}</arg>
</arguments>
<msg timestamp="20200909 21:41:03.838" level="INFO">Clicking link 'xpath://*[@id="homefeatured"]/li[1]/div/div[2]/div[2]/a[1]'.</msg>
<status status="PASS" starttime="20200909 21:41:03.838" endtime="20200909 21:41:03.879"></status>
</kw>
<kw name="Wait Until Page Contains Element" library="SeleniumLibrary">
<doc>Waits until the element ``locator`` appears on the current page.</doc>
<arguments>
<arg>${PROCEEDTOCHECKOUT}</arg>
<arg>timeout=20.0</arg>
</arguments>
<status status="PASS" starttime="20200909 21:41:03.879" endtime="20200909 21:41:03.887"></status>
</kw>
<kw name="Sleep" library="BuiltIn">
<doc>Pauses the test executed for the given time.</doc>
<arguments>
<arg>5</arg>
</arguments>
<msg timestamp="20200909 21:41:08.895" level="INFO">Slept 5 seconds</msg>
<status status="PASS" starttime="20200909 21:41:03.887" endtime="20200909 21:41:08.895"></status>
</kw>
<kw name="Click Link" library="SeleniumLibrary">
<doc>Clicks a link identified by ``locator``.</doc>
<arguments>
<arg>xpath:${PROCEEDTOCHECKOUT}</arg>
</arguments>
<msg timestamp="20200909 21:41:08.896" level="INFO">Clicking link 'xpath://a[@title='Proceed to checkout']'.</msg>
<status status="PASS" starttime="20200909 21:41:08.895" endtime="20200909 21:41:10.966"></status>
</kw>
<status status="PASS" starttime="20200909 21:41:03.539" endtime="20200909 21:41:10.966"></status>
</kw>
<kw name="AddQty" library="Teste_Keywords">
<kw name="Wait Until Page Contains Element" library="SeleniumLibrary">
<doc>Waits until the element ``locator`` appears on the current page.</doc>
<arguments>
<arg>${ADDBUTTON}</arg>
<arg>timeout=20.0</arg>
</arguments>
<status status="PASS" starttime="20200909 21:41:10.966" endtime="20200909 21:41:10.975"></status>
</kw>
<kw name="Click Link" library="SeleniumLibrary">
<doc>Clicks a link identified by ``locator``.</doc>
<arguments>
<arg>xpath:${ADDBUTTON}</arg>
</arguments>
<msg timestamp="20200909 21:41:10.976" level="INFO">Clicking link 'xpath://*[@title='Add']'.</msg>
<status status="PASS" starttime="20200909 21:41:10.976" endtime="20200909 21:41:11.016"></status>
</kw>
<kw name="Sleep" library="BuiltIn">
<doc>Pauses the test executed for the given time.</doc>
<arguments>
<arg>5</arg>
</arguments>
<msg timestamp="20200909 21:41:16.031" level="INFO">Slept 5 seconds</msg>
<status status="PASS" starttime="20200909 21:41:11.017" endtime="20200909 21:41:16.031"></status>
</kw>
<status status="PASS" starttime="20200909 21:41:10.966" endtime="20200909 21:41:16.031"></status>
</kw>
<kw name="CheckValue" library="Teste_Keywords">
<kw name="Run Keyword And Return Status" library="BuiltIn">
<doc>Runs the given keyword with given arguments and returns the status as a Boolean value.</doc>
<arguments>
<arg>CheckCartValue</arg>
</arguments>
<assign>
<var>${CHECKFULLVALUE}</var>
</assign>
<kw name="CheckCartValue" library="Teste_Keywords">
<kw name="Wait Until Page Contains Element" library="SeleniumLibrary">
<doc>Waits until the element ``locator`` appears on the current page.</doc>
<arguments>
<arg>${TRASHICON}</arg>
<arg>timeout=20.0</arg>
</arguments>
<status status="PASS" starttime="20200909 21:41:16.033" endtime="20200909 21:41:16.040"></status>
</kw>
<kw name="Page Should Contain Element" library="SeleniumLibrary">
<doc>Verifies that element ``locator`` is found on the current page.</doc>
<arguments>
<arg>${VALUE}</arg>
</arguments>
<msg timestamp="20200909 21:41:16.047" level="INFO">Current page contains element '//*[@id='total_price']//..//*[text()='$35.02']'.</msg>
<status status="PASS" starttime="20200909 21:41:16.040" endtime="20200909 21:41:16.048"></status>
</kw>
<status status="PASS" starttime="20200909 21:41:16.032" endtime="20200909 21:41:16.048"></status>
</kw>
<msg timestamp="20200909 21:41:16.048" level="INFO">${CHECKFULLVALUE} = True</msg>
<status status="PASS" starttime="20200909 21:41:16.032" endtime="20200909 21:41:16.048"></status>
</kw>
<kw name="Run Keyword If" library="BuiltIn">
<doc>Runs the given keyword with the given arguments, if ``condition`` is true.</doc>
<arguments>
<arg>'${CHECKFULLVALUE}'=='True'</arg>
<arg>Run Keywords</arg>
<arg>Capture Page Screenshot</arg>
<arg>AND</arg>
<arg>Log To Console</arg>
<arg>Saldo Suficiente!</arg>
<arg>ELSE</arg>
<arg>Run Keywords</arg>
<arg>Capture Page Screenshot</arg>
<arg>AND</arg>
<arg>Log To Console</arg>
<arg>Saldo Insuficiente!</arg>
</arguments>
<kw name="Run Keywords" library="BuiltIn">
<doc>Executes all the given keywords in a sequence.</doc>
<arguments>
<arg>Capture Page Screenshot</arg>
<arg>AND</arg>
<arg>Log To Console</arg>
<arg>Saldo Suficiente!</arg>
</arguments>
<kw name="Capture Page Screenshot" library="SeleniumLibrary">
<doc>Takes a screenshot of the current page and embeds it into a log file.</doc>
<msg timestamp="20200909 21:41:16.351" level="INFO" html="yes">&lt;/td&gt;&lt;/tr&gt;&lt;tr&gt;&lt;td colspan="3"&gt;&lt;a href="selenium-screenshot-5.png"&gt;&lt;img src="selenium-screenshot-5.png" width="800px"&gt;&lt;/a&gt;</msg>
<status status="PASS" starttime="20200909 21:41:16.048" endtime="20200909 21:41:16.351"></status>
</kw>
<kw name="Log To Console" library="BuiltIn">
<doc>Logs the given message to the console.</doc>
<arguments>
<arg>Saldo Suficiente!</arg>
</arguments>
<status status="PASS" starttime="20200909 21:41:16.351" endtime="20200909 21:41:16.352"></status>
</kw>
<status status="PASS" starttime="20200909 21:41:16.048" endtime="20200909 21:41:16.352"></status>
</kw>
<status status="PASS" starttime="20200909 21:41:16.048" endtime="20200909 21:41:16.352"></status>
</kw>
<status status="PASS" starttime="20200909 21:41:16.032" endtime="20200909 21:41:16.352"></status>
</kw>
<kw name="FecharNavegador" library="Teste_Keywords">
<kw name="Sleep" library="BuiltIn">
<doc>Pauses the test executed for the given time.</doc>
<arguments>
<arg>5</arg>
</arguments>
<msg timestamp="20200909 21:41:21.359" level="INFO">Slept 5 seconds</msg>
<status status="PASS" starttime="20200909 21:41:16.353" endtime="20200909 21:41:21.359"></status>
</kw>
<kw name="Close Browser" library="SeleniumLibrary">
<doc>Closes the current browser.</doc>
<status status="PASS" starttime="20200909 21:41:21.359" endtime="20200909 21:41:23.452"></status>
</kw>
<status status="PASS" starttime="20200909 21:41:16.352" endtime="20200909 21:41:23.452"></status>
</kw>
<tags>
<tag>Teste1</tag>
</tags>
<status status="PASS" starttime="20200909 21:40:52.557" endtime="20200909 21:41:23.452" critical="yes"></status>
</test>
<doc>Suite description</doc>
<status status="PASS" starttime="20200909 21:40:52.408" endtime="20200909 21:41:23.454"></status>
</suite>
<statistics>
<total>
<stat pass="1" fail="0">Critical Tests</stat>
<stat pass="1" fail="0">All Tests</stat>
</total>
<tag>
<stat pass="1" fail="0">Teste1</stat>
</tag>
<suite>
<stat pass="1" fail="0" id="s1" name="Teste TestSuite">Teste TestSuite</stat>
</suite>
</statistics>
<errors>
<msg timestamp="20200909 21:40:52.551" level="ERROR">Error in file 'C:\Users\legab\PycharmProjects\UNISAL\Functions\Teste_Keywords.robot' on line 4: Error in file 'C:\Users\legab\PycharmProjects\UNISAL\TestSuite\Teste_TestSuite.robot' on line 7: Resource file with 'Test Cases' section is invalid.</msg>
<msg timestamp="20200909 21:40:52.553" level="ERROR">Error in file 'C:\Users\legab\PycharmProjects\UNISAL\PageObjects\Teste_InputData.robot' on line 4: Error in file 'C:\Users\legab\PycharmProjects\UNISAL\TestSuite\Teste_TestSuite.robot' on line 7: Resource file with 'Test Cases' section is invalid.</msg>
<msg timestamp="20200909 21:40:52.555" level="ERROR">Error in file 'C:\Users\legab\PycharmProjects\UNISAL\PageObjects\Teste_PageObjects.robot' on line 4: Error in file 'C:\Users\legab\PycharmProjects\UNISAL\TestSuite\Teste_TestSuite.robot' on line 7: Resource file with 'Test Cases' section is invalid.</msg>
<msg timestamp="20200909 21:40:52.555" level="ERROR">Error in file 'C:\Users\legab\PycharmProjects\UNISAL\PageObjects\Teste_PageObjects.robot' on line 5: Resource file '..\Functions\Teste_InputData.robot' does not exist.</msg>
</errors>
</robot>
