<?xml version="1.0" encoding="UTF-8"?>
<robot generator="Robot 3.2.1 (Python 3.8.5 on win32)" generated="20200910 09:28:54.296" rpa="false">
<suite id="s1" name="TestSuite" source="C:\temp\ws-PyCharm\topicos_em_linguagem_de_programacao\UNISAL_2\DataDrivenStyle\TestSuite">
<suite id="s1-s1" name="TestCasesKeywordsDrivenExemplo" source="C:\temp\ws-PyCharm\topicos_em_linguagem_de_programacao\UNISAL_2\DataDrivenStyle\TestSuite\TestCasesKeywordsDrivenExemplo.robot">
<test id="s1-s1-t1" name="Validar acesso ao blog robotizando">
<kw name="Acessar blog robotizando" library="Resource">
<kw name="Open Browser" library="SeleniumLibrary">
<doc>Opens a new browser instance to the optional ``url``.</doc>
<arguments>
<arg>${URL}</arg>
<arg>${BROWSER}</arg>
</arguments>
<msg timestamp="20200910 09:28:54.488" level="INFO">Opening browser 'chrome' to base url 'http://robotizandotestes.blogspot.com/'.</msg>
<status status="PASS" starttime="20200910 09:28:54.488" endtime="20200910 09:29:00.255"></status>
</kw>
<kw name="Maximize Browser Window" library="SeleniumLibrary">
<doc>Maximizes current browser window.</doc>
<status status="PASS" starttime="20200910 09:29:00.255" endtime="20200910 09:29:02.380"></status>
</kw>
<kw name="Wait Until Element Is Visible" library="SeleniumLibrary">
<doc>Waits until the element ``locator`` is visible.</doc>
<arguments>
<arg>${CABECALHO}</arg>
</arguments>
<status status="PASS" starttime="20200910 09:29:02.381" endtime="20200910 09:29:02.402"></status>
</kw>
<kw name="Title Should Be" library="SeleniumLibrary">
<doc>Verifies that the current page title equals ``title``.</doc>
<arguments>
<arg>Robotizando Testes</arg>
</arguments>
<msg timestamp="20200910 09:29:02.406" level="INFO">Page title is 'Robotizando Testes'.</msg>
<status status="PASS" starttime="20200910 09:29:02.402" endtime="20200910 09:29:02.406"></status>
</kw>
<status status="PASS" starttime="20200910 09:28:54.487" endtime="20200910 09:29:02.406"></status>
</kw>
<status status="PASS" starttime="20200910 09:28:54.487" endtime="20200910 09:29:02.406" critical="yes"></status>
</test>
<test id="s1-s1-t2" name="Validar pesquisa de postagens">
<kw name="Pesquisar a postagem &quot;season premiere&quot;" library="Resource">
<kw name="Click Element" library="SeleniumLibrary">
<doc>Click the element identified by ``locator``.</doc>
<arguments>
<arg>${BOTAO_LUPA}</arg>
</arguments>
<msg timestamp="20200910 09:29:02.408" level="INFO">Clicking element '//button[@aria-label="Pesquisa"]'.</msg>
<status status="PASS" starttime="20200910 09:29:02.408" endtime="20200910 09:29:02.442"></status>
</kw>
<kw name="Input Text" library="SeleniumLibrary">
<doc>Types the given ``text`` into the text field identified by ``locator``.</doc>
<arguments>
<arg>${CAMPO_PESQUISAR}</arg>
<arg>${PESQUISA}</arg>
</arguments>
<msg timestamp="20200910 09:29:02.442" level="INFO">Typing text 'season premiere' into text field '//input[@name="q"]'.</msg>
<status status="PASS" starttime="20200910 09:29:02.442" endtime="20200910 09:29:02.505"></status>
</kw>
<kw name="Click Element" library="SeleniumLibrary">
<doc>Click the element identified by ``locator``.</doc>
<arguments>
<arg>${BOTAO_PESQUISAR}</arg>
</arguments>
<msg timestamp="20200910 09:29:02.506" level="INFO">Clicking element '//input[@value="Pesquisa"]'.</msg>
<status status="PASS" starttime="20200910 09:29:02.506" endtime="20200910 09:29:03.830"></status>
</kw>
<kw name="Wait Until Element Is Visible" library="SeleniumLibrary">
<doc>Waits until the element ``locator`` is visible.</doc>
<arguments>
<arg>xpath:${LINK_POST}</arg>
</arguments>
<status status="PASS" starttime="20200910 09:29:03.830" endtime="20200910 09:29:03.851"></status>
</kw>
<status status="PASS" starttime="20200910 09:29:02.408" endtime="20200910 09:29:03.851"></status>
</kw>
<kw name="Clicar no post &quot;Season Premiere: Introdução ao Robot Framework&quot; encontrado" library="Resource">
<kw name="Click Element" library="SeleniumLibrary">
<doc>Click the element identified by ``locator``.</doc>
<arguments>
<arg>xpath:${LINK_POST}</arg>
</arguments>
<msg timestamp="20200910 09:29:03.852" level="INFO">Clicking element 'xpath://*[@id='Blog1']/div[1]/b/i/article/div/div/h3/a'.</msg>
<status status="PASS" starttime="20200910 09:29:03.852" endtime="20200910 09:29:04.949"></status>
</kw>
<kw name="Wait Until Element Is Visible" library="SeleniumLibrary">
<doc>Waits until the element ``locator`` is visible.</doc>
<arguments>
<arg>xpath:${TITULO_POST}</arg>
</arguments>
<status status="PASS" starttime="20200910 09:29:04.949" endtime="20200910 09:29:04.967"></status>
</kw>
<kw name="Title Should Be" library="SeleniumLibrary">
<doc>Verifies that the current page title equals ``title``.</doc>
<arguments>
<arg>${TITULO_POST_DESC}</arg>
</arguments>
<msg timestamp="20200910 09:29:04.970" level="INFO">Page title is 'Season Premiere: Introdução ao Robot Framework'.</msg>
<status status="PASS" starttime="20200910 09:29:04.967" endtime="20200910 09:29:04.970"></status>
</kw>
<kw name="Capture Page Screenshot" library="SeleniumLibrary">
<doc>Takes a screenshot of the current page and embeds it into a log file.</doc>
<msg timestamp="20200910 09:29:05.389" level="INFO" html="yes">&lt;/td&gt;&lt;/tr&gt;&lt;tr&gt;&lt;td colspan="3"&gt;&lt;a href="selenium-screenshot-5.png"&gt;&lt;img src="selenium-screenshot-5.png" width="800px"&gt;&lt;/a&gt;</msg>
<status status="PASS" starttime="20200910 09:29:04.970" endtime="20200910 09:29:05.389"></status>
</kw>
<status status="PASS" starttime="20200910 09:29:03.851" endtime="20200910 09:29:05.389"></status>
</kw>
<status status="PASS" starttime="20200910 09:29:02.407" endtime="20200910 09:29:05.389" critical="yes"></status>
</test>
<kw name="Fechar Navegador" library="Resource" type="teardown">
<kw name="Close Browser" library="SeleniumLibrary">
<doc>Closes the current browser.</doc>
<status status="PASS" starttime="20200910 09:29:05.391" endtime="20200910 09:29:08.515"></status>
</kw>
<status status="PASS" starttime="20200910 09:29:05.391" endtime="20200910 09:29:08.516"></status>
</kw>
<doc>Suite description</doc>
<status status="PASS" starttime="20200910 09:28:54.321" endtime="20200910 09:29:08.516"></status>
</suite>
<status status="PASS" starttime="20200910 09:28:54.297" endtime="20200910 09:29:08.523"></status>
</suite>
<statistics>
<total>
<stat pass="2" fail="0">Critical Tests</stat>
<stat pass="2" fail="0">All Tests</stat>
</total>
<tag>
</tag>
<suite>
<stat pass="2" fail="0" id="s1" name="TestSuite">TestSuite</stat>
<stat pass="2" fail="0" id="s1-s1" name="TestCasesKeywordsDrivenExemplo">TestSuite.TestCasesKeywordsDrivenExemplo</stat>
</suite>
</statistics>
<errors>
</errors>
</robot>
